<?xml version="1.0" encoding="UTF-8"?>
<!-- Generated by org.testng.reporters.JUnitXMLReporter -->
<testsuite ignored="0" hostname="DESKTOP-5Q34GD6" failures="0" tests="3" name="Default test" time="3.872" errors="0" timestamp="2022-05-28T11:08:56 IDT">
  <testcase classname="Tests.TestExample3" name="test_1" time="3.135"/>
  <testcase classname="Tests.TestExample3" name="test_2" time="0.367"/>
  <testcase classname="Tests.TestExample3" name="test_3" time="0.33"/>
</testsuite> <!-- Default test -->
