<?xml version="1.0" encoding="UTF-8"?>
<testng-results ignored="0" total="3" passed="3" failed="0" skipped="0">
  <reporter-output>
  </reporter-output>
  <suite started-at="2022-05-28T11:08:52 IDT" name="Default suite" finished-at="2022-05-28T11:08:56 IDT" duration-ms="3872">
    <groups>
    </groups>
    <test started-at="2022-05-28T11:08:52 IDT" name="Default test" finished-at="2022-05-28T11:08:56 IDT" duration-ms="3872">
      <class name="Tests.TestExample3">
        <test-method signature="test_1()[pri:0, instance:Tests.TestExample3@4b5a5ed1]" started-at="2022-05-28T11:08:52 IDT" name="test_1" finished-at="2022-05-28T11:08:55 IDT" duration-ms="3135" status="PASS">
          <reporter-output>
          </reporter-output>
        </test-method> <!-- test_1 -->
        <test-method signature="test_2()[pri:0, instance:Tests.TestExample3@4b5a5ed1]" started-at="2022-05-28T11:08:55 IDT" name="test_2" finished-at="2022-05-28T11:08:55 IDT" duration-ms="367" status="PASS">
          <reporter-output>
          </reporter-output>
        </test-method> <!-- test_2 -->
        <test-method signature="test_3()[pri:0, instance:Tests.TestExample3@4b5a5ed1]" started-at="2022-05-28T11:08:55 IDT" name="test_3" finished-at="2022-05-28T11:08:56 IDT" duration-ms="330" status="PASS">
          <reporter-output>
          </reporter-output>
        </test-method> <!-- test_3 -->
      </class> <!-- Tests.TestExample3 -->
    </test> <!-- Default test -->
  </suite> <!-- Default suite -->
</testng-results>
